[debug] [2025-11-13T10:41:28.380Z] ----------------------------------------------------------------------
[debug] [2025-11-13T10:41:28.420Z] Command:       C:\Program Files\nodejs\node.exe C:\Users\HomePC\AppData\Roaming\npm\node_modules\firebase-tools\lib\bin\firebase.js init
[debug] [2025-11-13T10:41:28.421Z] CLI Version:   14.24.2
[debug] [2025-11-13T10:41:28.421Z] Platform:      win32
[debug] [2025-11-13T10:41:28.421Z] Node Version:  v22.17.1
[debug] [2025-11-13T10:41:28.422Z] Time:          Thu Nov 13 2025 12:41:28 GMT+0200 (Central Africa Time)
[debug] [2025-11-13T10:41:28.423Z] ----------------------------------------------------------------------
[debug] 
[info] 
     ######## #### ########  ######## ########     ###     ######  ########
     ##        ##  ##     ## ##       ##     ##  ##   ##  ##       ##
     ######    ##  ########  ######   ########  #########  ######  ######
     ##        ##  ##    ##  ##       ##     ## ##     ##       ## ##
     ##       #### ##     ## ######## ########  ##     ##  ######  ########

You're about to initialize a Firebase project in this directory:

  C:\Users\HomePC\Documents\GitHub\P1 March W2\mySecondProject

[info] 
=== Project Setup
[info] 
[info] First, let's associate this project directory with a Firebase project.
[info] You can create multiple project aliases by running firebase use --add, 
[info] 
[info] i  If you want to create a project in a Google Cloud organization or folder, please use "firebase projects:create" instead, and return to this command when you've created the project. 
[debug] [2025-11-13T10:44:17.700Z] > command requires scopes: ["email","openid","https://www.googleapis.com/auth/cloudplatformprojects.readonly","https://www.googleapis.com/auth/firebase","https://www.googleapis.com/auth/cloud-platform"]
[debug] [2025-11-13T10:44:17.701Z] > authorizing via signed-in user (tsembeganoedwin@gmail.com)
[debug] [2025-11-13T10:44:22.450Z] Checked if tokens are valid: true, expires at: 1763034016411
[debug] [2025-11-13T10:44:22.450Z] Checked if tokens are valid: true, expires at: 1763034016411
[debug] [2025-11-13T10:44:22.453Z] >>> [apiv2][query] POST https://firebase.googleapis.com/v1/projects:checkProjectId [none]
[debug] [2025-11-13T10:44:22.454Z] >>> [apiv2][body] POST https://firebase.googleapis.com/v1/projects:checkProjectId {"proposedId":"edwin-portfolio-site"}
[debug] [2025-11-13T10:44:23.260Z] <<< [apiv2][status] POST https://firebase.googleapis.com/v1/projects:checkProjectId 200
[debug] [2025-11-13T10:44:23.260Z] <<< [apiv2][body] POST https://firebase.googleapis.com/v1/projects:checkProjectId {"projectIdStatus":"PROJECT_ID_AVAILABLE","suggestedProjectId":"edwin-portfolio-site"}
[debug] [2025-11-13T10:44:43.898Z] Checked if tokens are valid: true, expires at: 1763034016411
[debug] [2025-11-13T10:44:43.898Z] Checked if tokens are valid: true, expires at: 1763034016411
[debug] [2025-11-13T10:44:43.898Z] >>> [apiv2][query] POST https://cloudresourcemanager.googleapis.com/v1/projects [none]
[debug] [2025-11-13T10:44:43.898Z] >>> [apiv2][body] POST https://cloudresourcemanager.googleapis.com/v1/projects {"projectId":"edwin-portfolio-site","name":"edwin-portfolio-site"}
[debug] [2025-11-13T10:44:45.749Z] <<< [apiv2][status] POST https://cloudresourcemanager.googleapis.com/v1/projects 200
[debug] [2025-11-13T10:44:45.749Z] <<< [apiv2][body] POST https://cloudresourcemanager.googleapis.com/v1/projects {"name":"operations/create_project.global.8714328787837394536"}
[debug] [2025-11-13T10:44:45.750Z] Checked if tokens are valid: true, expires at: 1763034016411
[debug] [2025-11-13T10:44:45.751Z] Checked if tokens are valid: true, expires at: 1763034016411
[debug] [2025-11-13T10:44:45.751Z] >>> [apiv2][query] GET https://cloudresourcemanager.googleapis.com/v1/operations/create_project.global.8714328787837394536 [none]
[debug] [2025-11-13T10:44:47.242Z] <<< [apiv2][status] GET https://cloudresourcemanager.googleapis.com/v1/operations/create_project.global.8714328787837394536 200
[debug] [2025-11-13T10:44:47.243Z] <<< [apiv2][body] GET https://cloudresourcemanager.googleapis.com/v1/operations/create_project.global.8714328787837394536 {"name":"operations/create_project.global.8714328787837394536","metadata":{"@type":"type.googleapis.com/google.cloudresourcemanager.v1.ProjectCreationStatus","ready":true},"done":true,"error":{"code":9,"message":"Callers must accept Terms of Service","details":[{"@type":"type.googleapis.com/google.rpc.PreconditionFailure","violations":[{"type":"TOS","subject":"cloud","description":"Callers must accept Terms of Service"}]}]}}
[debug] [2025-11-13T10:44:47.741Z] FirebaseError: Callers must accept Terms of Service
    at OperationPoller.poll (C:\Users\HomePC\AppData\Roaming\npm\node_modules\firebase-tools\lib\operation-poller.js:24:19)
    at process.processTicksAndRejections (node:internal/process/task_queues:105:5)
    at async createCloudProject (C:\Users\HomePC\AppData\Roaming\npm\node_modules\firebase-tools\lib\management\projects.js:227:29)
    at async createFirebaseProjectAndLog (C:\Users\HomePC\AppData\Roaming\npm\node_modules\firebase-tools\lib\management\projects.js:87:9)
    at async Object.doSetup (C:\Users\HomePC\AppData\Roaming\npm\node_modules\firebase-tools\lib\init\features\project.js:65:24)
    at async init (C:\Users\HomePC\AppData\Roaming\npm\node_modules\firebase-tools\lib\init\index.js:77:13)
    at async Command.initAction [as actionFn] (C:\Users\HomePC\AppData\Roaming\npm\node_modules\firebase-tools\lib\commands\init.js:217:5)
[error] 
[error] Error: Failed to create project. See firebase-debug.log for more info.
